<?xml version="1.0" encoding="UTF-8"?>
<testsuite name="com.agibank.teste.service.ClienteServiceTest" tests="10" skipped="0" failures="0" errors="0" timestamp="2025-02-19T11:32:35" hostname="MacBook-Pro-de-Erick.local" time="0.763">
  <properties/>
  <testcase name="deveLancaExcecaoQuandoClienteNaoEncontrado()" classname="com.agibank.teste.service.ClienteServiceTest" time="0.689"/>
  <testcase name="deveLancaExcecaoQuandoCpfJaExiste()" classname="com.agibank.teste.service.ClienteServiceTest" time="0.003"/>
  <testcase name="deveRetornaErroQuandoClienteForInvalido()" classname="com.agibank.teste.service.ClienteServiceTest" time="0.047"/>
  <testcase name="deveRemoveClienteQuandoIdForValido()" classname="com.agibank.teste.service.ClienteServiceTest" time="0.001"/>
  <testcase name="deveCriaClienteComSucesso()" classname="com.agibank.teste.service.ClienteServiceTest" time="0.004"/>
  <testcase name="deveCriaClienteComSucessoSemCamposOpcionais()" classname="com.agibank.teste.service.ClienteServiceTest" time="0.003"/>
  <testcase name="deveRetornaClienteQuandoIdForValido()" classname="com.agibank.teste.service.ClienteServiceTest" time="0.003"/>
  <testcase name="deveAtualizaSomenteOsDadosFornecidos()" classname="com.agibank.teste.service.ClienteServiceTest" time="0.002"/>
  <testcase name="deveLancarExcecaoQuandoClienteNaoForEncontrado()" classname="com.agibank.teste.service.ClienteServiceTest" time="0.002"/>
  <testcase name="deveLancaExcecaoQuandoRepositorioForNulo()" classname="com.agibank.teste.service.ClienteServiceTest" time="0.002"/>
  <system-out><![CDATA[]]></system-out>
  <system-err><![CDATA[Mockito is currently self-attaching to enable the inline-mock-maker. This will no longer work in future releases of the JDK. Please add Mockito as an agent to your build what is described in Mockito's documentation: https://javadoc.io/doc/org.mockito/mockito-core/latest/org/mockito/Mockito.html#0.3
WARNING: A Java agent has been loaded dynamically (/Users/erickportugal/.gradle/caches/modules-2/files-2.1/net.bytebuddy/byte-buddy-agent/1.15.11/a38b16385e867f59a641330f0362ebe742788ed8/byte-buddy-agent-1.15.11.jar)
WARNING: If a serviceability tool is in use, please run with -XX:+EnableDynamicAgentLoading to hide this warning
WARNING: If a serviceability tool is not in use, please run with -Djdk.instrument.traceUsage for more information
WARNING: Dynamic loading of agents will be disallowed by default in a future release
]]></system-err>
</testsuite>
